\BOOKMARK [0][-]{chapter.1}{\376\377\000I\000N\000T\000R\000O\000D\000U\000C\000C\000I\000\323\000N\000\040\000P\000A\000R\000A\000\040\000E\000L\000\040\000E\000S\000T\000U\000D\000I\000A\000N\000T\000E}{}% 1
\BOOKMARK [1][-]{section.1.1}{\376\377\000B\000i\000e\000n\000v\000e\000n\000i\000d\000o\000\040\000a\000\040\000l\000a\000\040\000F\000\355\000s\000i\000c\000a\000\040\000M\000o\000d\000e\000r\000n\000a}{chapter.1}% 2
\BOOKMARK [2][-]{subsection.1.1.1}{\376\377\000\277\000Q\000u\000\351\000\040\000h\000a\000c\000e\000\040\000e\000s\000p\000e\000c\000i\000a\000l\000\040\000a\000\040\000l\000a\000\040\000F\000\355\000s\000i\000c\000a\000\040\000M\000o\000d\000e\000r\000n\000a\000?}{section.1.1}% 3
\BOOKMARK [2][-]{subsection.1.1.2}{\376\377\000C\000o\000n\000e\000x\000i\000\363\000n\000\040\000c\000o\000n\000\040\000t\000u\000\040\000C\000a\000r\000r\000e\000r\000a\000\040\000P\000r\000o\000f\000e\000s\000i\000o\000n\000a\000l}{section.1.1}% 4
\BOOKMARK [1][-]{section.1.2}{\376\377\000O\000b\000j\000e\000t\000i\000v\000o\000s\000\040\000d\000e\000\040\000A\000p\000r\000e\000n\000d\000i\000z\000a\000j\000e}{chapter.1}% 5
\BOOKMARK [1][-]{section.1.3}{\376\377\000C\000o\000m\000p\000e\000t\000e\000n\000c\000i\000a\000s\000\040\000q\000u\000e\000\040\000D\000e\000s\000a\000r\000r\000o\000l\000l\000a\000r\000\341\000s}{chapter.1}% 6
\BOOKMARK [2][-]{subsection.1.3.1}{\376\377\000D\000e\000s\000g\000l\000o\000s\000e\000\040\000p\000o\000r\000\040\000D\000i\000m\000e\000n\000s\000i\000o\000n\000e\000s}{section.1.3}% 7
\BOOKMARK [1][-]{section.1.4}{\376\377\000M\000e\000t\000o\000d\000o\000l\000o\000g\000\355\000a\000\040\000d\000e\000\040\000T\000r\000a\000b\000a\000j\000o}{chapter.1}% 8
\BOOKMARK [2][-]{subsection.1.4.1}{\376\377\000E\000n\000\040\000C\000l\000a\000s\000e\000s\000\040\000P\000r\000e\000s\000e\000n\000c\000i\000a\000l\000e\000s}{section.1.4}% 9
\BOOKMARK [2][-]{subsection.1.4.2}{\376\377\000E\000n\000\040\000L\000a\000b\000o\000r\000a\000t\000o\000r\000i\000o}{section.1.4}% 10
\BOOKMARK [2][-]{subsection.1.4.3}{\376\377\000T\000r\000a\000b\000a\000j\000o\000\040\000A\000u\000t\000\363\000n\000o\000m\000o}{section.1.4}% 11
\BOOKMARK [1][-]{section.1.5}{\376\377\000H\000e\000r\000r\000a\000m\000i\000e\000n\000t\000a\000s\000\040\000d\000e\000\040\000A\000p\000o\000y\000o}{chapter.1}% 12
\BOOKMARK [1][-]{section.1.6}{\376\377\000C\000r\000o\000n\000o\000g\000r\000a\000m\000a\000\040\000G\000e\000n\000e\000r\000a\000l}{chapter.1}% 13
\BOOKMARK [0][-]{chapter.2}{\376\377\000U\000N\000I\000D\000A\000D\000\040\000I\000:\000\040\000T\000E\000O\000R\000\315\000A\000\040\000B\000\301\000S\000I\000C\000A\000\040\000D\000E\000L\000\040\000E\000L\000E\000C\000T\000R\000O\000M\000A\000G\000N\000E\000T\000I\000S\000M\000O}{}% 14
\BOOKMARK [1][-]{section.2.1}{\376\377\000I\000n\000f\000o\000r\000m\000a\000c\000i\000\363\000n\000\040\000G\000e\000n\000e\000r\000a\000l\000\040\000d\000e\000\040\000l\000a\000\040\000U\000n\000i\000d\000a\000d}{chapter.2}% 15
\BOOKMARK [1][-]{section.2.2}{\376\377\000C\000o\000n\000t\000e\000n\000i\000d\000o\000s\000\040\000T\000e\000m\000\341\000t\000i\000c\000o\000s}{chapter.2}% 16
\BOOKMARK [2][-]{subsection.2.2.1}{\376\377\000T\000e\000m\000a\000\040\0001\000.\0001\000:\000\040\000C\000a\000m\000p\000o\000s\000\040\000E\000l\000\351\000c\000t\000r\000i\000c\000o\000s\000\040\000y\000\040\000M\000a\000g\000n\000\351\000t\000i\000c\000o\000s}{section.2.2}% 17
\BOOKMARK [2][-]{subsection.2.2.2}{\376\377\000T\000e\000m\000a\000\040\0001\000.\0002\000:\000\040\000E\000c\000u\000a\000c\000i\000o\000n\000e\000s\000\040\000d\000e\000\040\000M\000a\000x\000w\000e\000l\000l}{section.2.2}% 18
\BOOKMARK [2][-]{subsection.2.2.3}{\376\377\000T\000e\000m\000a\000\040\0001\000.\0003\000:\000\040\000E\000c\000u\000a\000c\000i\000\363\000n\000\040\000d\000e\000\040\000O\000n\000d\000a\000\040\000y\000\040\000P\000o\000l\000a\000r\000i\000z\000a\000c\000i\000\363\000n}{section.2.2}% 19
\BOOKMARK [1][-]{section.2.3}{\376\377\000P\000r\000\341\000c\000t\000i\000c\000a\000s\000\040\000d\000e\000\040\000L\000a\000b\000o\000r\000a\000t\000o\000r\000i\000o}{chapter.2}% 20
\BOOKMARK [1][-]{section.2.4}{\376\377\000E\000v\000a\000l\000u\000a\000c\000i\000\363\000n\000\040\000d\000e\000\040\000l\000a\000\040\000U\000n\000i\000d\000a\000d\000\040\000I}{chapter.2}% 21
\BOOKMARK [0][-]{chapter.3}{\376\377\000U\000n\000i\000d\000a\000d\000\040\000I\000I\000:\000\040\000M\000o\000d\000e\000l\000o\000\040\000N\000u\000c\000l\000e\000a\000r\000\040\000d\000e\000l\000\040\000\301\000t\000o\000m\000o}{}% 22
\BOOKMARK [1][-]{section.3.1}{\376\377\000I\000n\000f\000o\000r\000m\000a\000c\000i\000\363\000n\000\040\000G\000e\000n\000e\000r\000a\000l\000\040\000d\000e\000\040\000l\000a\000\040\000U\000n\000i\000d\000a\000d}{chapter.3}% 23
