\BOOKMARK [0][-]{chapter*.4}{\376\377\000P\000r\000e\000f\000a\000c\000i\000o}{}% 1
\BOOKMARK [0][-]{chapter.1}{\376\377\000T\000e\000o\000r\000\355\000a\000\040\000B\000\341\000s\000i\000c\000a\000\040\000d\000e\000l\000\040\000E\000l\000e\000c\000t\000r\000o\000m\000a\000g\000n\000e\000t\000i\000s\000m\000o}{}% 2
\BOOKMARK [1][-]{section.1.1}{\376\377\000C\000a\000m\000p\000o\000s\000\040\000E\000l\000\351\000c\000t\000r\000i\000c\000o\000s\000\040\000y\000\040\000M\000a\000g\000n\000\351\000t\000i\000c\000o\000s}{chapter.1}% 3
\BOOKMARK [2][-]{subsection.1.1.1}{\376\377\000S\000a\000b\000e\000r\000\040\000-\000\040\000C\000o\000n\000o\000c\000i\000m\000i\000e\000n\000t\000o\000s\000\040\000T\000e\000\363\000r\000i\000c\000o\000s}{section.1.1}% 4
\BOOKMARK [2][-]{subsection.1.1.2}{\376\377\000S\000a\000b\000e\000r\000\040\000H\000a\000c\000e\000r\000\040\000-\000\040\000H\000a\000b\000i\000l\000i\000d\000a\000d\000e\000s\000\040\000P\000r\000\341\000c\000t\000i\000c\000a\000s}{section.1.1}% 5
\BOOKMARK [0][-]{chapter.2}{\376\377\000M\000o\000d\000e\000l\000o\000\040\000N\000u\000c\000l\000e\000a\000r\000\040\000d\000e\000l\000\040\000\301\000t\000o\000m\000o}{}% 6
\BOOKMARK [1][-]{section.2.1}{\376\377\000E\000l\000\040\000D\000e\000s\000c\000u\000b\000r\000i\000m\000i\000e\000n\000t\000o\000\040\000d\000e\000l\000\040\000N\000\372\000c\000l\000e\000o\000\040\000A\000t\000\363\000m\000i\000c\000o}{chapter.2}% 7
\BOOKMARK [2][-]{subsection.2.1.1}{\376\377\000S\000a\000b\000e\000r\000\040\000-\000\040\000C\000o\000n\000o\000c\000i\000m\000i\000e\000n\000t\000o\000s\000\040\000T\000e\000\363\000r\000i\000c\000o\000s}{section.2.1}% 8
\BOOKMARK [2][-]{subsection.2.1.2}{\376\377\000S\000a\000b\000e\000r\000\040\000H\000a\000c\000e\000r\000\040\000-\000\040\000H\000a\000b\000i\000l\000i\000d\000a\000d\000e\000s\000\040\000P\000r\000\341\000c\000t\000i\000c\000a\000s}{section.2.1}% 9
\BOOKMARK [1][-]{section.2.2}{\376\377\000E\000x\000p\000e\000r\000i\000m\000e\000n\000t\000o\000\040\000d\000e\000\040\000R\000u\000t\000h\000e\000r\000f\000o\000r\000d}{chapter.2}% 10
\BOOKMARK [2][-]{subsection.2.2.1}{\376\377\000S\000a\000b\000e\000r\000\040\000-\000\040\000C\000o\000n\000o\000c\000i\000m\000i\000e\000n\000t\000o\000s\000\040\000T\000e\000\363\000r\000i\000c\000o\000s}{section.2.2}% 11
\BOOKMARK [2][-]{subsection.2.2.2}{\376\377\000S\000a\000b\000e\000r\000\040\000H\000a\000c\000e\000r\000\040\000-\000\040\000H\000a\000b\000i\000l\000i\000d\000a\000d\000e\000s\000\040\000P\000r\000\341\000c\000t\000i\000c\000a\000s}{section.2.2}% 12
\BOOKMARK [1][-]{section.2.3}{\376\377\000M\000o\000d\000e\000l\000o\000\040\000A\000t\000\363\000m\000i\000c\000o\000\040\000d\000e\000\040\000B\000o\000h\000r\000\040\000y\000\040\000l\000a\000\040\000I\000n\000t\000e\000r\000a\000c\000c\000i\000\363\000n\000\040\000R\000a\000d\000i\000a\000c\000i\000\363\000n\000-\000M\000a\000t\000e\000r\000i\000a}{chapter.2}% 13
\BOOKMARK [2][-]{subsection.2.3.1}{\376\377\000S\000a\000b\000e\000r\000\040\000-\000\040\000C\000o\000n\000o\000c\000i\000m\000i\000e\000n\000t\000o\000s\000\040\000T\000e\000\363\000r\000i\000c\000o\000s}{section.2.3}% 14
\BOOKMARK [2][-]{subsection.2.3.2}{\376\377\000S\000a\000b\000e\000r\000\040\000H\000a\000c\000e\000r\000\040\000-\000\040\000H\000a\000b\000i\000l\000i\000d\000a\000d\000e\000s\000\040\000P\000r\000\341\000c\000t\000i\000c\000a\000s}{section.2.3}% 15
\BOOKMARK [0][-]{chapter.3}{\376\377\000D\000u\000a\000l\000i\000d\000a\000d\000\040\000O\000n\000d\000a\000-\000P\000a\000r\000t\000\355\000c\000u\000l\000a}{}% 16
\BOOKMARK [1][-]{section.3.1}{\376\377\000P\000o\000s\000t\000u\000l\000a\000d\000o\000\040\000d\000e\000\040\000P\000l\000a\000n\000c\000k\000\040\000y\000\040\000R\000a\000d\000i\000a\000c\000i\000\363\000n\000\040\000d\000e\000\040\000C\000u\000e\000r\000p\000o\000\040\000N\000e\000g\000r\000o}{chapter.3}% 17
\BOOKMARK [2][-]{subsection.3.1.1}{\376\377\000S\000a\000b\000e\000r\000\040\000-\000\040\000C\000o\000n\000o\000c\000i\000m\000i\000e\000n\000t\000o\000s\000\040\000T\000e\000\363\000r\000i\000c\000o\000s}{section.3.1}% 18
\BOOKMARK [2][-]{subsection.3.1.2}{\376\377\000S\000a\000b\000e\000r\000\040\000H\000a\000c\000e\000r\000\040\000-\000\040\000H\000a\000b\000i\000l\000i\000d\000a\000d\000e\000s\000\040\000P\000r\000\341\000c\000t\000i\000c\000a\000s}{section.3.1}% 19
\BOOKMARK [1][-]{section.3.2}{\376\377\000E\000f\000e\000c\000t\000o\000\040\000F\000o\000t\000o\000e\000l\000\351\000c\000t\000r\000i\000c\000o}{chapter.3}% 20
\BOOKMARK [2][-]{subsection.3.2.1}{\376\377\000S\000a\000b\000e\000r\000\040\000-\000\040\000C\000o\000n\000o\000c\000i\000m\000i\000e\000n\000t\000o\000s\000\040\000T\000e\000\363\000r\000i\000c\000o\000s}{section.3.2}% 21
\BOOKMARK [2][-]{subsection.3.2.2}{\376\377\000S\000a\000b\000e\000r\000\040\000H\000a\000c\000e\000r\000\040\000-\000\040\000H\000a\000b\000i\000l\000i\000d\000a\000d\000e\000s\000\040\000P\000r\000\341\000c\000t\000i\000c\000a\000s}{section.3.2}% 22
\BOOKMARK [1][-]{section.3.3}{\376\377\000H\000i\000p\000\363\000t\000e\000s\000i\000s\000\040\000d\000e\000\040\000D\000e\000\040\000B\000r\000o\000g\000l\000i\000e}{chapter.3}% 23
\BOOKMARK [2][-]{subsection.3.3.1}{\376\377\000S\000a\000b\000e\000r\000\040\000-\000\040\000C\000o\000n\000o\000c\000i\000m\000i\000e\000n\000t\000o\000s\000\040\000T\000e\000\363\000r\000i\000c\000o\000s}{section.3.3}% 24
\BOOKMARK [0][-]{chapter.4}{\376\377\000S\000o\000l\000u\000c\000i\000\363\000n\000\040\000d\000e\000\040\000l\000a\000\040\000E\000c\000u\000a\000c\000i\000\363\000n\000\040\000d\000e\000\040\000S\000c\000h\000r\000\366\000d\000i\000n\000g\000e\000r}{}% 25
\BOOKMARK [1][-]{section.4.1}{\376\377\000E\000c\000u\000a\000c\000i\000\363\000n\000\040\000d\000e\000\040\000O\000n\000d\000a\000\040\000C\000u\000\341\000n\000t\000i\000c\000a}{chapter.4}% 26
\BOOKMARK [2][-]{subsection.4.1.1}{\376\377\000S\000a\000b\000e\000r\000\040\000-\000\040\000C\000o\000n\000o\000c\000i\000m\000i\000e\000n\000t\000o\000s\000\040\000T\000e\000\363\000r\000i\000c\000o\000s}{section.4.1}% 27
\BOOKMARK [2][-]{subsection.4.1.2}{\376\377\000S\000a\000b\000e\000r\000\040\000H\000a\000c\000e\000r\000\040\000-\000\040\000H\000a\000b\000i\000l\000i\000d\000a\000d\000e\000s\000\040\000P\000r\000\341\000c\000t\000i\000c\000a\000s}{section.4.1}% 28
\BOOKMARK [1][-]{section.4.2}{\376\377\000P\000o\000z\000o\000\040\000d\000e\000\040\000P\000o\000t\000e\000n\000c\000i\000a\000l}{chapter.4}% 29
\BOOKMARK [2][-]{subsection.4.2.1}{\376\377\000S\000a\000b\000e\000r\000\040\000-\000\040\000C\000o\000n\000o\000c\000i\000m\000i\000e\000n\000t\000o\000s\000\040\000T\000e\000\363\000r\000i\000c\000o\000s}{section.4.2}% 30
\BOOKMARK [2][-]{subsection.4.2.2}{\376\377\000S\000a\000b\000e\000r\000\040\000H\000a\000c\000e\000r\000\040\000-\000\040\000H\000a\000b\000i\000l\000i\000d\000a\000d\000e\000s\000\040\000P\000r\000\341\000c\000t\000i\000c\000a\000s}{section.4.2}% 31
\BOOKMARK [1][-]{section.4.3}{\376\377\000E\000f\000e\000c\000t\000o\000\040\000T\000\372\000n\000e\000l}{chapter.4}% 32
\BOOKMARK [2][-]{subsection.4.3.1}{\376\377\000S\000a\000b\000e\000r\000\040\000-\000\040\000C\000o\000n\000o\000c\000i\000m\000i\000e\000n\000t\000o\000s\000\040\000T\000e\000\363\000r\000i\000c\000o\000s}{section.4.3}% 33
\BOOKMARK [2][-]{subsection.4.3.2}{\376\377\000S\000a\000b\000e\000r\000\040\000H\000a\000c\000e\000r\000\040\000-\000\040\000H\000a\000b\000i\000l\000i\000d\000a\000d\000e\000s\000\040\000P\000r\000\341\000c\000t\000i\000c\000a\000s}{section.4.3}% 34
\BOOKMARK [1][-]{section.4.4}{\376\377\000P\000o\000t\000e\000n\000c\000i\000a\000l\000e\000s\000\040\000P\000e\000r\000i\000\363\000d\000i\000c\000o\000s}{chapter.4}% 35
\BOOKMARK [2][-]{subsection.4.4.1}{\376\377\000S\000a\000b\000e\000r\000\040\000-\000\040\000C\000o\000n\000o\000c\000i\000m\000i\000e\000n\000t\000o\000s\000\040\000T\000e\000\363\000r\000i\000c\000o\000s}{section.4.4}% 36
\BOOKMARK [2][-]{subsection.4.4.2}{\376\377\000S\000a\000b\000e\000r\000\040\000H\000a\000c\000e\000r\000\040\000-\000\040\000H\000a\000b\000i\000l\000i\000d\000a\000d\000e\000s\000\040\000P\000r\000\341\000c\000t\000i\000c\000a\000s}{section.4.4}% 37
\BOOKMARK [1][-]{section.4.5}{\376\377\000E\000s\000t\000r\000u\000c\000t\000u\000r\000a\000\040\000d\000e\000\040\000B\000a\000n\000d\000a\000s}{chapter.4}% 38
\BOOKMARK [2][-]{subsection.4.5.1}{\376\377\000S\000a\000b\000e\000r\000\040\000-\000\040\000C\000o\000n\000o\000c\000i\000m\000i\000e\000n\000t\000o\000s\000\040\000T\000e\000\363\000r\000i\000c\000o\000s}{section.4.5}% 39
\BOOKMARK [2][-]{subsection.4.5.2}{\376\377\000S\000a\000b\000e\000r\000\040\000H\000a\000c\000e\000r\000\040\000-\000\040\000H\000a\000b\000i\000l\000i\000d\000a\000d\000e\000s\000\040\000P\000r\000\341\000c\000t\000i\000c\000a\000s}{section.4.5}% 40
\BOOKMARK [1][-]{section.4.6}{\376\377\000D\000e\000f\000i\000n\000i\000c\000i\000\363\000n\000\040\000M\000i\000c\000r\000o\000s\000c\000\363\000p\000i\000c\000a\000\040\000d\000e\000\040\000C\000o\000n\000d\000u\000c\000t\000o\000r\000e\000s\000,\000\040\000S\000e\000m\000i\000c\000o\000n\000d\000u\000c\000t\000o\000r\000e\000s\000\040\000y\000\040\000A\000i\000s\000l\000a\000n\000t\000e\000s}{chapter.4}% 41
\BOOKMARK [2][-]{subsection.4.6.1}{\376\377\000S\000a\000b\000e\000r\000\040\000-\000\040\000C\000o\000n\000o\000c\000i\000m\000i\000e\000n\000t\000o\000s\000\040\000T\000e\000\363\000r\000i\000c\000o\000s}{section.4.6}% 42
\BOOKMARK [2][-]{subsection.4.6.2}{\376\377\000S\000a\000b\000e\000r\000\040\000H\000a\000c\000e\000r\000\040\000-\000\040\000H\000a\000b\000i\000l\000i\000d\000a\000d\000e\000s\000\040\000P\000r\000\341\000c\000t\000i\000c\000a\000s}{section.4.6}% 43
\BOOKMARK [0][-]{chapter.5}{\376\377\000E\000j\000e\000r\000c\000i\000c\000i\000o\000s\000\040\000y\000\040\000P\000r\000o\000b\000l\000e\000m\000a\000s\000\040\000R\000e\000s\000u\000e\000l\000t\000o\000s}{}% 44
\BOOKMARK [1][-]{section.5.1}{\376\377\000P\000r\000o\000b\000l\000e\000m\000a\000s\000\040\000d\000e\000\040\000E\000l\000e\000c\000t\000r\000o\000m\000a\000g\000n\000e\000t\000i\000s\000m\000o}{chapter.5}% 45
\BOOKMARK [1][-]{section.5.2}{\376\377\000P\000r\000o\000b\000l\000e\000m\000a\000s\000\040\000d\000e\000\040\000M\000e\000c\000\341\000n\000i\000c\000a\000\040\000C\000u\000\341\000n\000t\000i\000c\000a}{chapter.5}% 46
\BOOKMARK [0][-]{appendix.Alph1}{\376\377\000C\000o\000n\000s\000t\000a\000n\000t\000e\000s\000\040\000F\000\355\000s\000i\000c\000a\000s\000\040\000F\000u\000n\000d\000a\000m\000e\000n\000t\000a\000l\000e\000s}{}% 47
\BOOKMARK [0][-]{appendix.Alph2}{\376\377\000F\000\363\000r\000m\000u\000l\000a\000s\000\040\000d\000e\000\040\000M\000e\000c\000\341\000n\000i\000c\000a\000\040\000C\000u\000\341\000n\000t\000i\000c\000a}{}% 48
\BOOKMARK [1][-]{section.Alph2.1}{\376\377\000O\000p\000e\000r\000a\000d\000o\000r\000e\000s\000\040\000C\000u\000\341\000n\000t\000i\000c\000o\000s\000\040\000F\000u\000n\000d\000a\000m\000e\000n\000t\000a\000l\000e\000s}{appendix.Alph2}% 49
\BOOKMARK [0][-]{appendix.Alph3}{\376\377\000M\000a\000t\000e\000r\000i\000a\000l\000e\000s\000\040\000N\000a\000n\000o\000e\000s\000t\000r\000u\000c\000t\000u\000r\000a\000d\000o\000s}{}% 50
\BOOKMARK [1][-]{section.Alph3.1}{\376\377\000P\000r\000o\000p\000i\000e\000d\000a\000d\000e\000s\000\040\000C\000u\000\341\000n\000t\000i\000c\000a\000s\000\040\000e\000n\000\040\000N\000a\000n\000o\000m\000a\000t\000e\000r\000i\000a\000l\000e\000s}{appendix.Alph3}% 51
