\BOOKMARK [0][-]{chapter*.4}{\376\377\000P\000r\000e\000f\000a\000c\000i\000o}{}% 1
\BOOKMARK [0][-]{chapter.1}{\376\377\000C\000o\000n\000c\000e\000p\000t\000o\000s\000\040\000B\000\341\000s\000i\000c\000o\000s\000\040\000d\000e\000\040\000T\000r\000a\000n\000s\000f\000e\000r\000e\000n\000c\000i\000a\000\040\000d\000e\000\040\000C\000a\000l\000o\000r}{}% 2
\BOOKMARK [1][-]{section.1.1}{\376\377\000T\000e\000r\000m\000o\000d\000i\000n\000\341\000m\000i\000c\000a\000\040\000y\000\040\000T\000r\000a\000n\000s\000f\000e\000r\000e\000n\000c\000i\000a\000\040\000d\000e\000\040\000C\000a\000l\000o\000r}{chapter.1}% 3
\BOOKMARK [2][-]{subsection.1.1.1}{\376\377\000S\000a\000b\000e\000r\000\040\000-\000\040\000C\000o\000n\000o\000c\000i\000m\000i\000e\000n\000t\000o\000s\000\040\000T\000e\000\363\000r\000i\000c\000o\000s}{section.1.1}% 4
\BOOKMARK [2][-]{subsection.1.1.2}{\376\377\000S\000a\000b\000e\000r\000\040\000H\000a\000c\000e\000r\000\040\000-\000\040\000H\000a\000b\000i\000l\000i\000d\000a\000d\000e\000s\000\040\000P\000r\000\341\000c\000t\000i\000c\000a\000s}{section.1.1}% 5
\BOOKMARK [1][-]{section.1.2}{\376\377\000C\000a\000l\000o\000r\000\040\000y\000\040\000O\000t\000r\000a\000s\000\040\000F\000o\000r\000m\000a\000s\000\040\000d\000e\000\040\000E\000n\000e\000r\000g\000\355\000a}{chapter.1}% 6
\BOOKMARK [2][-]{subsection.1.2.1}{\376\377\000S\000a\000b\000e\000r\000\040\000-\000\040\000C\000o\000n\000o\000c\000i\000m\000i\000e\000n\000t\000o\000s\000\040\000T\000e\000\363\000r\000i\000c\000o\000s}{section.1.2}% 7
\BOOKMARK [2][-]{subsection.1.2.2}{\376\377\000S\000a\000b\000e\000r\000\040\000H\000a\000c\000e\000r\000\040\000-\000\040\000H\000a\000b\000i\000l\000i\000d\000a\000d\000e\000s\000\040\000P\000r\000\341\000c\000t\000i\000c\000a\000s}{section.1.2}% 8
\BOOKMARK [1][-]{section.1.3}{\376\377\000M\000e\000c\000a\000n\000i\000s\000m\000o\000s\000\040\000d\000e\000\040\000T\000r\000a\000n\000s\000f\000e\000r\000e\000n\000c\000i\000a\000\040\000d\000e\000\040\000C\000a\000l\000o\000r}{chapter.1}% 9
\BOOKMARK [2][-]{subsection.1.3.1}{\376\377\000S\000a\000b\000e\000r\000\040\000-\000\040\000C\000o\000n\000o\000c\000i\000m\000i\000e\000n\000t\000o\000s\000\040\000T\000e\000\363\000r\000i\000c\000o\000s}{section.1.3}% 10
\BOOKMARK [2][-]{subsection.1.3.2}{\376\377\000S\000a\000b\000e\000r\000\040\000H\000a\000c\000e\000r\000\040\000-\000\040\000H\000a\000b\000i\000l\000i\000d\000a\000d\000e\000s\000\040\000P\000r\000\341\000c\000t\000i\000c\000a\000s}{section.1.3}% 11
\BOOKMARK [0][-]{chapter.2}{\376\377\000T\000r\000a\000n\000s\000f\000e\000r\000e\000n\000c\000i\000a\000\040\000d\000e\000\040\000C\000a\000l\000o\000r\000\040\000p\000o\000r\000\040\000C\000o\000n\000d\000u\000c\000c\000i\000\363\000n}{}% 12
\BOOKMARK [1][-]{section.2.1}{\376\377\000C\000o\000n\000d\000u\000c\000c\000i\000\363\000n\000\040\000U\000n\000i\000d\000i\000m\000e\000n\000s\000i\000o\000n\000a\000l\000\040\000e\000n\000\040\000E\000s\000t\000a\000d\000o\000\040\000E\000s\000t\000a\000b\000l\000e}{chapter.2}% 13
\BOOKMARK [2][-]{subsection.2.1.1}{\376\377\000S\000a\000b\000e\000r\000\040\000-\000\040\000C\000o\000n\000o\000c\000i\000m\000i\000e\000n\000t\000o\000s\000\040\000T\000e\000\363\000r\000i\000c\000o\000s}{section.2.1}% 14
\BOOKMARK [2][-]{subsection.2.1.2}{\376\377\000S\000a\000b\000e\000r\000\040\000H\000a\000c\000e\000r\000\040\000-\000\040\000H\000a\000b\000i\000l\000i\000d\000a\000d\000e\000s\000\040\000P\000r\000\341\000c\000t\000i\000c\000a\000s}{section.2.1}% 15
\BOOKMARK [1][-]{section.2.2}{\376\377\000C\000o\000n\000d\000u\000c\000c\000i\000\363\000n\000\040\000e\000n\000\040\000R\000\351\000g\000i\000m\000e\000n\000\040\000T\000r\000a\000n\000s\000i\000t\000o\000r\000i\000o}{chapter.2}% 16
\BOOKMARK [2][-]{subsection.2.2.1}{\376\377\000S\000a\000b\000e\000r\000\040\000-\000\040\000C\000o\000n\000o\000c\000i\000m\000i\000e\000n\000t\000o\000s\000\040\000T\000e\000\363\000r\000i\000c\000o\000s}{section.2.2}% 17
\BOOKMARK [2][-]{subsection.2.2.2}{\376\377\000S\000a\000b\000e\000r\000\040\000H\000a\000c\000e\000r\000\040\000-\000\040\000H\000a\000b\000i\000l\000i\000d\000a\000d\000e\000s\000\040\000P\000r\000\341\000c\000t\000i\000c\000a\000s}{section.2.2}% 18
\BOOKMARK [1][-]{section.2.3}{\376\377\000T\000r\000a\000n\000s\000f\000e\000r\000e\000n\000c\000i\000a\000\040\000d\000e\000\040\000C\000a\000l\000o\000r\000\040\000c\000o\000n\000\040\000A\000l\000e\000t\000a\000s}{chapter.2}% 19
\BOOKMARK [2][-]{subsection.2.3.1}{\376\377\000S\000a\000b\000e\000r\000\040\000-\000\040\000C\000o\000n\000o\000c\000i\000m\000i\000e\000n\000t\000o\000s\000\040\000T\000e\000\363\000r\000i\000c\000o\000s}{section.2.3}% 20
\BOOKMARK [2][-]{subsection.2.3.2}{\376\377\000S\000a\000b\000e\000r\000\040\000H\000a\000c\000e\000r\000\040\000-\000\040\000H\000a\000b\000i\000l\000i\000d\000a\000d\000e\000s\000\040\000P\000r\000\341\000c\000t\000i\000c\000a\000s}{section.2.3}% 21
\BOOKMARK [0][-]{chapter.3}{\376\377\000T\000r\000a\000n\000s\000f\000e\000r\000e\000n\000c\000i\000a\000\040\000d\000e\000\040\000C\000a\000l\000o\000r\000\040\000p\000o\000r\000\040\000C\000o\000n\000v\000e\000c\000c\000i\000\363\000n}{}% 22
\BOOKMARK [1][-]{section.3.1}{\376\377\000F\000u\000n\000d\000a\000m\000e\000n\000t\000o\000s\000\040\000d\000e\000\040\000l\000a\000\040\000C\000o\000n\000v\000e\000c\000c\000i\000\363\000n}{chapter.3}% 23
\BOOKMARK [2][-]{subsection.3.1.1}{\376\377\000S\000a\000b\000e\000r\000\040\000-\000\040\000C\000o\000n\000o\000c\000i\000m\000i\000e\000n\000t\000o\000s\000\040\000T\000e\000\363\000r\000i\000c\000o\000s}{section.3.1}% 24
\BOOKMARK [2][-]{subsection.3.1.2}{\376\377\000S\000a\000b\000e\000r\000\040\000H\000a\000c\000e\000r\000\040\000-\000\040\000H\000a\000b\000i\000l\000i\000d\000a\000d\000e\000s\000\040\000P\000r\000\341\000c\000t\000i\000c\000a\000s}{section.3.1}% 25
\BOOKMARK [1][-]{section.3.2}{\376\377\000C\000o\000n\000v\000e\000c\000c\000i\000\363\000n\000\040\000F\000o\000r\000z\000a\000d\000a}{chapter.3}% 26
\BOOKMARK [2][-]{subsection.3.2.1}{\376\377\000S\000a\000b\000e\000r\000\040\000-\000\040\000C\000o\000n\000o\000c\000i\000m\000i\000e\000n\000t\000o\000s\000\040\000T\000e\000\363\000r\000i\000c\000o\000s}{section.3.2}% 27
\BOOKMARK [2][-]{subsection.3.2.2}{\376\377\000S\000a\000b\000e\000r\000\040\000H\000a\000c\000e\000r\000\040\000-\000\040\000H\000a\000b\000i\000l\000i\000d\000a\000d\000e\000s\000\040\000P\000r\000\341\000c\000t\000i\000c\000a\000s}{section.3.2}% 28
\BOOKMARK [1][-]{section.3.3}{\376\377\000C\000o\000n\000v\000e\000c\000c\000i\000\363\000n\000\040\000L\000i\000b\000r\000e}{chapter.3}% 29
\BOOKMARK [2][-]{subsection.3.3.1}{\376\377\000S\000a\000b\000e\000r\000\040\000-\000\040\000C\000o\000n\000o\000c\000i\000m\000i\000e\000n\000t\000o\000s\000\040\000T\000e\000\363\000r\000i\000c\000o\000s}{section.3.3}% 30
\BOOKMARK [2][-]{subsection.3.3.2}{\376\377\000S\000a\000b\000e\000r\000\040\000H\000a\000c\000e\000r\000\040\000-\000\040\000H\000a\000b\000i\000l\000i\000d\000a\000d\000e\000s\000\040\000P\000r\000\341\000c\000t\000i\000c\000a\000s}{section.3.3}% 31
\BOOKMARK [0][-]{chapter.4}{\376\377\000T\000r\000a\000n\000s\000f\000e\000r\000e\000n\000c\000i\000a\000\040\000d\000e\000\040\000C\000a\000l\000o\000r\000\040\000p\000o\000r\000\040\000R\000a\000d\000i\000a\000c\000i\000\363\000n}{}% 32
\BOOKMARK [1][-]{section.4.1}{\376\377\000F\000u\000n\000d\000a\000m\000e\000n\000t\000o\000s\000\040\000d\000e\000\040\000l\000a\000\040\000R\000a\000d\000i\000a\000c\000i\000\363\000n}{chapter.4}% 33
\BOOKMARK [2][-]{subsection.4.1.1}{\376\377\000S\000a\000b\000e\000r\000\040\000-\000\040\000C\000o\000n\000o\000c\000i\000m\000i\000e\000n\000t\000o\000s\000\040\000T\000e\000\363\000r\000i\000c\000o\000s}{section.4.1}% 34
\BOOKMARK [2][-]{subsection.4.1.2}{\376\377\000S\000a\000b\000e\000r\000\040\000H\000a\000c\000e\000r\000\040\000-\000\040\000H\000a\000b\000i\000l\000i\000d\000a\000d\000e\000s\000\040\000P\000r\000\341\000c\000t\000i\000c\000a\000s}{section.4.1}% 35
\BOOKMARK [1][-]{section.4.2}{\376\377\000T\000r\000a\000n\000s\000f\000e\000r\000e\000n\000c\000i\000a\000\040\000d\000e\000\040\000C\000a\000l\000o\000r\000\040\000p\000o\000r\000\040\000R\000a\000d\000i\000a\000c\000i\000\363\000n\000\040\000e\000n\000t\000r\000e\000\040\000S\000u\000p\000e\000r\000f\000i\000c\000i\000e\000s}{chapter.4}% 36
\BOOKMARK [2][-]{subsection.4.2.1}{\376\377\000S\000a\000b\000e\000r\000\040\000-\000\040\000C\000o\000n\000o\000c\000i\000m\000i\000e\000n\000t\000o\000s\000\040\000T\000e\000\363\000r\000i\000c\000o\000s}{section.4.2}% 37
\BOOKMARK [2][-]{subsection.4.2.2}{\376\377\000S\000a\000b\000e\000r\000\040\000H\000a\000c\000e\000r\000\040\000-\000\040\000H\000a\000b\000i\000l\000i\000d\000a\000d\000e\000s\000\040\000P\000r\000\341\000c\000t\000i\000c\000a\000s}{section.4.2}% 38
\BOOKMARK [1][-]{section.4.3}{\376\377\000R\000a\000d\000i\000a\000c\000i\000\363\000n\000\040\000e\000n\000\040\000S\000u\000p\000e\000r\000f\000i\000c\000i\000e\000s\000\040\000R\000e\000a\000l\000e\000s\000\040\000y\000\040\000B\000l\000i\000n\000d\000a\000j\000e\000s}{chapter.4}% 39
\BOOKMARK [2][-]{subsection.4.3.1}{\376\377\000S\000a\000b\000e\000r\000\040\000-\000\040\000C\000o\000n\000o\000c\000i\000m\000i\000e\000n\000t\000o\000s\000\040\000T\000e\000\363\000r\000i\000c\000o\000s}{section.4.3}% 40
\BOOKMARK [2][-]{subsection.4.3.2}{\376\377\000S\000a\000b\000e\000r\000\040\000H\000a\000c\000e\000r\000\040\000-\000\040\000H\000a\000b\000i\000l\000i\000d\000a\000d\000e\000s\000\040\000P\000r\000\341\000c\000t\000i\000c\000a\000s}{section.4.3}% 41
\BOOKMARK [0][-]{chapter.5}{\376\377\000F\000u\000e\000n\000t\000e\000s\000\040\000d\000e\000\040\000E\000n\000e\000r\000g\000\355\000a}{}% 42
\BOOKMARK [1][-]{section.5.1}{\376\377\000F\000u\000e\000n\000t\000e\000s\000\040\000d\000e\000\040\000E\000n\000e\000r\000g\000\355\000a\000\040\000C\000o\000n\000v\000e\000n\000c\000i\000o\000n\000a\000l\000e\000s}{chapter.5}% 43
\BOOKMARK [2][-]{subsection.5.1.1}{\376\377\000S\000a\000b\000e\000r\000\040\000-\000\040\000C\000o\000n\000o\000c\000i\000m\000i\000e\000n\000t\000o\000s\000\040\000T\000e\000\363\000r\000i\000c\000o\000s}{section.5.1}% 44
\BOOKMARK [2][-]{subsection.5.1.2}{\376\377\000S\000a\000b\000e\000r\000\040\000H\000a\000c\000e\000r\000\040\000-\000\040\000H\000a\000b\000i\000l\000i\000d\000a\000d\000e\000s\000\040\000P\000r\000\341\000c\000t\000i\000c\000a\000s}{section.5.1}% 45
\BOOKMARK [1][-]{section.5.2}{\376\377\000F\000u\000e\000n\000t\000e\000s\000\040\000A\000l\000t\000e\000r\000n\000a\000s\000\040\000d\000e\000\040\000E\000n\000e\000r\000g\000\355\000a}{chapter.5}% 46
\BOOKMARK [2][-]{subsection.5.2.1}{\376\377\000S\000a\000b\000e\000r\000\040\000-\000\040\000C\000o\000n\000o\000c\000i\000m\000i\000e\000n\000t\000o\000s\000\040\000T\000e\000\363\000r\000i\000c\000o\000s}{section.5.2}% 47
\BOOKMARK [2][-]{subsection.5.2.2}{\376\377\000S\000a\000b\000e\000r\000\040\000H\000a\000c\000e\000r\000\040\000-\000\040\000H\000a\000b\000i\000l\000i\000d\000a\000d\000e\000s\000\040\000P\000r\000\341\000c\000t\000i\000c\000a\000s}{section.5.2}% 48
\BOOKMARK [1][-]{section.5.3}{\376\377\000S\000i\000s\000t\000e\000m\000a\000s\000\040\000d\000e\000\040\000C\000o\000n\000v\000e\000r\000s\000i\000\363\000n\000\040\000d\000e\000\040\000E\000n\000e\000r\000g\000\355\000a}{chapter.5}% 49
\BOOKMARK [2][-]{subsection.5.3.1}{\376\377\000S\000a\000b\000e\000r\000\040\000-\000\040\000C\000o\000n\000o\000c\000i\000m\000i\000e\000n\000t\000o\000s\000\040\000T\000e\000\363\000r\000i\000c\000o\000s}{section.5.3}% 50
\BOOKMARK [2][-]{subsection.5.3.2}{\376\377\000S\000a\000b\000e\000r\000\040\000H\000a\000c\000e\000r\000\040\000-\000\040\000H\000a\000b\000i\000l\000i\000d\000a\000d\000e\000s\000\040\000P\000r\000\341\000c\000t\000i\000c\000a\000s}{section.5.3}% 51
\BOOKMARK [0][-]{appendix.Alph1}{\376\377\000P\000r\000o\000p\000i\000e\000d\000a\000d\000e\000s\000\040\000T\000e\000r\000m\000o\000f\000\355\000s\000i\000c\000a\000s\000\040\000d\000e\000\040\000M\000a\000t\000e\000r\000i\000a\000l\000e\000s}{}% 52
\BOOKMARK [0][-]{appendix.Alph2}{\376\377\000F\000a\000c\000t\000o\000r\000e\000s\000\040\000d\000e\000\040\000C\000o\000n\000v\000e\000r\000s\000i\000\363\000n\000\040\000d\000e\000\040\000U\000n\000i\000d\000a\000d\000e\000s}{}% 53
\BOOKMARK [0][-]{appendix.Alph3}{\376\377\000C\000o\000r\000r\000e\000l\000a\000c\000i\000o\000n\000e\000s\000\040\000y\000\040\000E\000c\000u\000a\000c\000i\000o\000n\000e\000s\000\040\000d\000e\000\040\000R\000e\000f\000e\000r\000e\000n\000c\000i\000a}{}% 54
