\BOOKMARK [1][-]{section.1}{\376\377\000O\000B\000J\000E\000T\000I\000V\000O\000S\000\040\000D\000E\000\040\000A\000P\000R\000E\000N\000D\000I\000Z\000A\000J\000E}{}% 1
\BOOKMARK [1][-]{section.2}{\376\377\000C\000O\000M\000P\000E\000T\000E\000N\000C\000I\000A\000S\000\040\000A\000\040\000D\000E\000S\000A\000R\000R\000O\000L\000L\000A\000R}{}% 2
\BOOKMARK [1][-]{section.3}{\376\377\000M\000A\000T\000E\000R\000I\000A\000L\000E\000S\000\040\000Y\000\040\000R\000E\000C\000U\000R\000S\000O\000S}{}% 3
\BOOKMARK [1][-]{section.4}{\376\377\000M\000A\000R\000C\000O\000\040\000T\000E\000\323\000R\000I\000C\000O}{}% 4
\BOOKMARK [1][-]{section.5}{\376\377\000I\000N\000S\000T\000R\000U\000C\000C\000I\000O\000N\000E\000S\000\040\000G\000E\000N\000E\000R\000A\000L\000E\000S}{}% 5
\BOOKMARK [1][-]{section.6}{\376\377\000D\000E\000S\000A\000R\000R\000O\000L\000L\000O\000\040\000D\000E\000\040\000L\000A\000\040\000P\000R\000\301\000C\000T\000I\000C\000A}{}% 6
\BOOKMARK [2][-]{subsection.6.1}{\376\377\000P\000A\000R\000T\000E\000\040\0001\000:\000\040\000[\000T\000\315\000T\000U\000L\000O\000\040\000D\000E\000\040\000L\000A\000\040\000P\000R\000I\000M\000E\000R\000A\000\040\000P\000A\000R\000T\000E\000]}{section.6}% 7
\BOOKMARK [3][-]{subsubsection.6.1.1}{\376\377\000P\000r\000o\000c\000e\000d\000i\000m\000i\000e\000n\000t\000o\000:}{subsection.6.1}% 8
\BOOKMARK [3][-]{subsubsection.6.1.2}{\376\377\000T\000a\000b\000l\000a\000\040\000d\000e\000\040\000d\000a\000t\000o\000s\000:}{subsection.6.1}% 9
\BOOKMARK [3][-]{subsubsection.6.1.3}{\376\377\000A\000n\000\341\000l\000i\000s\000i\000s\000\040\000d\000e\000\040\000r\000e\000s\000u\000l\000t\000a\000d\000o\000s\000:}{subsection.6.1}% 10
\BOOKMARK [2][-]{subsection.6.2}{\376\377\000P\000A\000R\000T\000E\000\040\0002\000:\000\040\000[\000T\000\315\000T\000U\000L\000O\000\040\000D\000E\000\040\000L\000A\000\040\000S\000E\000G\000U\000N\000D\000A\000\040\000P\000A\000R\000T\000E\000]}{section.6}% 11
\BOOKMARK [3][-]{subsubsection.6.2.1}{\376\377\000P\000r\000o\000c\000e\000d\000i\000m\000i\000e\000n\000t\000o\000:}{subsection.6.2}% 12
\BOOKMARK [3][-]{subsubsection.6.2.2}{\376\377\000T\000a\000b\000l\000a\000\040\000d\000e\000\040\000d\000a\000t\000o\000s\000:}{subsection.6.2}% 13
\BOOKMARK [2][-]{subsection.6.3}{\376\377\000P\000A\000R\000T\000E\000\040\0003\000:\000\040\000[\000T\000\315\000T\000U\000L\000O\000\040\000D\000E\000\040\000L\000A\000\040\000T\000E\000R\000C\000E\000R\000A\000\040\000P\000A\000R\000T\000E\000]}{section.6}% 14
\BOOKMARK [1][-]{section.7}{\376\377\000A\000P\000L\000I\000C\000A\000C\000I\000O\000N\000E\000S\000\040\000Y\000\040\000C\000A\000S\000O\000S\000\040\000P\000R\000\301\000C\000T\000I\000C\000O\000S}{}% 15
\BOOKMARK [2][-]{subsection.7.1}{\376\377\000A\000p\000l\000i\000c\000a\000c\000i\000\363\000n\000\040\000e\000n\000\040\000N\000a\000n\000o\000t\000e\000c\000n\000o\000l\000o\000g\000\355\000a\000:}{section.7}% 16
\BOOKMARK [2][-]{subsection.7.2}{\376\377\000C\000a\000s\000o\000\040\000d\000e\000\040\000E\000s\000t\000u\000d\000i\000o\000:}{section.7}% 17
\BOOKMARK [1][-]{section.8}{\376\377\000E\000V\000A\000L\000U\000A\000C\000I\000\323\000N\000\040\000F\000O\000R\000M\000A\000T\000I\000V\000A}{}% 18
\BOOKMARK [1][-]{section.9}{\376\377\000C\000O\000N\000C\000L\000U\000S\000I\000O\000N\000E\000S\000\040\000Y\000\040\000R\000E\000F\000L\000E\000X\000I\000\323\000N}{}% 19
\BOOKMARK [1][-]{section.10}{\376\377\000E\000N\000T\000R\000E\000G\000A\000B\000L\000E\000S\000\040\000Y\000\040\000C\000R\000I\000T\000E\000R\000I\000O\000S\000\040\000D\000E\000\040\000E\000V\000A\000L\000U\000A\000C\000I\000\323\000N}{}% 20
\BOOKMARK [2][-]{subsection.10.1}{\376\377\000E\000n\000t\000r\000e\000g\000a\000b\000l\000e\000s\000:}{section.10}% 21
\BOOKMARK [2][-]{subsection.10.2}{\376\377\000C\000r\000i\000t\000e\000r\000i\000o\000s\000\040\000d\000e\000\040\000E\000v\000a\000l\000u\000a\000c\000i\000\363\000n\000:}{section.10}% 22
\BOOKMARK [1][-]{section.11}{\376\377\000R\000E\000C\000U\000R\000S\000O\000S\000\040\000C\000O\000M\000P\000L\000E\000M\000E\000N\000T\000A\000R\000I\000O\000S}{}% 23
\BOOKMARK [2][-]{subsection.11.1}{\376\377\000E\000n\000l\000a\000c\000e\000s\000\040\000y\000\040\000S\000i\000m\000u\000l\000a\000d\000o\000r\000e\000s\000:}{section.11}% 24
\BOOKMARK [2][-]{subsection.11.2}{\376\377\000L\000e\000c\000t\000u\000r\000a\000s\000\040\000R\000e\000c\000o\000m\000e\000n\000d\000a\000d\000a\000s\000:}{section.11}% 25
\BOOKMARK [2][-]{subsection.11.3}{\376\377\000V\000i\000d\000e\000o\000s\000\040\000E\000d\000u\000c\000a\000t\000i\000v\000o\000s\000:}{section.11}% 26
\BOOKMARK [1][-]{section.12}{\376\377\000C\000O\000N\000S\000T\000A\000N\000T\000E\000S\000\040\000Y\000\040\000F\000\323\000R\000M\000U\000L\000A\000S\000\040\000D\000E\000\040\000R\000E\000F\000E\000R\000E\000N\000C\000I\000A}{}% 27
